# JRE version: OpenJDK Runtime Environment (8.0_152-b02) (build 1.8.0_152-release-1024-b02)
# Java VM: OpenJDK 64-Bit Server VM (25.152-b02 mixed mode windows-amd64 compressed oops)
Heap:
 PSYoungGen      total 137728K, used 116588K [0x00000000eab00000, 0x00000000faf80000, 0x0000000100000000)
  eden space 126976K, 91% used [0x00000000eab00000,0x00000000f1cdb1e8,0x00000000f2700000)
  from space 10752K, 0% used [0x00000000f2700000,0x00000000f2700000,0x00000000f3180000)
  to   space 15872K, 0% used [0x00000000fa000000,0x00000000fa000000,0x00000000faf80000)
 ParOldGen       total 104960K, used 20366K [0x00000000c0000000, 0x00000000c6680000, 0x00000000eab00000)
  object space 104960K, 19% used [0x00000000c0000000,0x00000000c13e3ba0,0x00000000c6680000)
 Metaspace       used 42557K, capacity 43650K, committed 43904K, reserved 1089536K
  class space    used 5673K, capacity 5976K, committed 6016K, reserved 1048576K
GC Heap History (10 events):
Event: 2.381 GC heap before
{Heap before GC invocations=3 (full 0):
 PSYoungGen      total 75776K, used 14104K [0x00000000eab00000, 0x00000000eff80000, 0x0000000100000000)
  eden space 65024K, 5% used [0x00000000eab00000,0x00000000eae4d078,0x00000000eea80000)
  from space 10752K, 99% used [0x00000000ef500000,0x00000000eff79360,0x00000000eff80000)
  to   space 10752K, 0% used [0x00000000eea80000,0x00000000eea80000,0x00000000ef500000)
 ParOldGen       total 173568K, used 1985K [0x00000000c0000000, 0x00000000ca980000, 0x00000000eab00000)
  object space 173568K, 1% used [0x00000000c0000000,0x00000000c01f0768,0x00000000ca980000)
 Metaspace       used 20793K, capacity 21178K, committed 21296K, reserved 1067008K
  class space    used 2796K, capacity 2922K, committed 2944K, reserved 1048576K
Event: 2.386 GC heap after
Heap after GC invocations=3 (full 0):
 PSYoungGen      total 75776K, used 8132K [0x00000000eab00000, 0x00000000f3f00000, 0x0000000100000000)
  eden space 65024K, 0% used [0x00000000eab00000,0x00000000eab00000,0x00000000eea80000)
  from space 10752K, 75% used [0x00000000eea80000,0x00000000ef271010,0x00000000ef500000)
  to   space 10752K, 0% used [0x00000000f3480000,0x00000000f3480000,0x00000000f3f00000)
 ParOldGen       total 173568K, used 1985K [0x00000000c0000000, 0x00000000ca980000, 0x00000000eab00000)
  object space 173568K, 1% used [0x00000000c0000000,0x00000000c01f0768,0x00000000ca980000)
 Metaspace       used 20793K, capacity 21178K, committed 21296K, reserved 1067008K
  class space    used 2796K, capacity 2922K, committed 2944K, reserved 1048576K
}
Event: 2.386 GC heap before
{Heap before GC invocations=4 (full 1):
 PSYoungGen      total 75776K, used 8132K [0x00000000eab00000, 0x00000000f3f00000, 0x0000000100000000)
  eden space 65024K, 0% used [0x00000000eab00000,0x00000000eab00000,0x00000000eea80000)
  from space 10752K, 75% used [0x00000000eea80000,0x00000000ef271010,0x00000000ef500000)
  to   space 10752K, 0% used [0x00000000f3480000,0x00000000f3480000,0x00000000f3f00000)
 ParOldGen       total 173568K, used 1985K [0x00000000c0000000, 0x00000000ca980000, 0x00000000eab00000)
  object space 173568K, 1% used [0x00000000c0000000,0x00000000c01f0768,0x00000000ca980000)
 Metaspace       used 20793K, capacity 21178K, committed 21296K, reserved 1067008K
  class space    used 2796K, capacity 2922K, committed 2944K, reserved 1048576K
Event: 2.411 GC heap after
Heap after GC invocations=4 (full 1):
 PSYoungGen      total 75776K, used 0K [0x00000000eab00000, 0x00000000f3f00000, 0x0000000100000000)
  eden space 65024K, 0% used [0x00000000eab00000,0x00000000eab00000,0x00000000eea80000)
  from space 10752K, 0% used [0x00000000eea80000,0x00000000eea80000,0x00000000ef500000)
  to   space 10752K, 0% used [0x00000000f3480000,0x00000000f3480000,0x00000000f3f00000)
 ParOldGen       total 79872K, used 8032K [0x00000000c0000000, 0x00000000c4e00000, 0x00000000eab00000)
  object space 79872K, 10% used [0x00000000c0000000,0x00000000c07d82d0,0x00000000c4e00000)
 Metaspace       used 20793K, capacity 21178K, committed 21296K, reserved 1067008K
  class space    used 2796K, capacity 2922K, committed 2944K, reserved 1048576K
}
Event: 3.779 GC heap before
{Heap before GC invocations=5 (full 1):
 PSYoungGen      total 75776K, used 65024K [0x00000000eab00000, 0x00000000f3f00000, 0x0000000100000000)
  eden space 65024K, 100% used [0x00000000eab00000,0x00000000eea80000,0x00000000eea80000)
  from space 10752K, 0% used [0x00000000eea80000,0x00000000eea80000,0x00000000ef500000)
  to   space 10752K, 0% used [0x00000000f3480000,0x00000000f3480000,0x00000000f3f00000)
 ParOldGen       total 79872K, used 8032K [0x00000000c0000000, 0x00000000c4e00000, 0x00000000eab00000)
  object space 79872K, 10% used [0x00000000c0000000,0x00000000c07d82d0,0x00000000c4e00000)
 Metaspace       used 26632K, capacity 27202K, committed 27392K, reserved 1073152K
  class space    used 3554K, capacity 3727K, committed 3840K, reserved 1048576K
Event: 3.784 GC heap after
Heap after GC invocations=5 (full 1):
 PSYoungGen      total 132096K, used 7322K [0x00000000eab00000, 0x00000000f3c00000, 0x0000000100000000)
  eden space 124416K, 0% used [0x00000000eab00000,0x00000000eab00000,0x00000000f2480000)
  from space 7680K, 95% used [0x00000000f3480000,0x00000000f3ba68a0,0x00000000f3c00000)
  to   space 10752K, 0% used [0x00000000f2700000,0x00000000f2700000,0x00000000f3180000)
 ParOldGen       total 79872K, used 8040K [0x00000000c0000000, 0x00000000c4e00000, 0x00000000eab00000)
  object space 79872K, 10% used [0x00000000c0000000,0x00000000c07da2d0,0x00000000c4e00000)
 Metaspace       used 26632K, capacity 27202K, committed 27392K, reserved 1073152K
  class space    used 3554K, capacity 3727K, committed 3840K, reserved 1048576K
}
Event: 5.363 GC heap before
{Heap before GC invocations=6 (full 1):
 PSYoungGen      total 132096K, used 94255K [0x00000000eab00000, 0x00000000f3c00000, 0x0000000100000000)
  eden space 124416K, 69% used [0x00000000eab00000,0x00000000effe5728,0x00000000f2480000)
  from space 7680K, 95% used [0x00000000f3480000,0x00000000f3ba68a0,0x00000000f3c00000)
  to   space 10752K, 0% used [0x00000000f2700000,0x00000000f2700000,0x00000000f3180000)
 ParOldGen       total 79872K, used 8040K [0x00000000c0000000, 0x00000000c4e00000, 0x00000000eab00000)
  object space 79872K, 10% used [0x00000000c0000000,0x00000000c07da2d0,0x00000000c4e00000)
 Metaspace       used 34438K, capacity 35302K, committed 35456K, reserved 1079296K
  class space    used 4593K, capacity 4892K, committed 4992K, reserved 1048576K
Event: 5.371 GC heap after
Heap after GC invocations=6 (full 1):
 PSYoungGen      total 137728K, used 10744K [0x00000000eab00000, 0x00000000faf80000, 0x0000000100000000)
  eden space 126976K, 0% used [0x00000000eab00000,0x00000000eab00000,0x00000000f2700000)
  from space 10752K, 99% used [0x00000000f2700000,0x00000000f317e070,0x00000000f3180000)
  to   space 15872K, 0% used [0x00000000fa000000,0x00000000fa000000,0x00000000faf80000)
 ParOldGen       total 79872K, used 11283K [0x00000000c0000000, 0x00000000c4e00000, 0x00000000eab00000)
  object space 79872K, 14% used [0x00000000c0000000,0x00000000c0b04d78,0x00000000c4e00000)
 Metaspace       used 34438K, capacity 35302K, committed 35456K, reserved 1079296K
  class space    used 4593K, capacity 4892K, committed 4992K, reserved 1048576K
}
Event: 5.371 GC heap before
{Heap before GC invocations=7 (full 2):
 PSYoungGen      total 137728K, used 10744K [0x00000000eab00000, 0x00000000faf80000, 0x0000000100000000)
  eden space 126976K, 0% used [0x00000000eab00000,0x00000000eab00000,0x00000000f2700000)
  from space 10752K, 99% used [0x00000000f2700000,0x00000000f317e070,0x00000000f3180000)
  to   space 15872K, 0% used [0x00000000fa000000,0x00000000fa000000,0x00000000faf80000)
 ParOldGen       total 79872K, used 11283K [0x00000000c0000000, 0x00000000c4e00000, 0x00000000eab00000)
  object space 79872K, 14% used [0x00000000c0000000,0x00000000c0b04d78,0x00000000c4e00000)
 Metaspace       used 34438K, capacity 35302K, committed 35456K, reserved 1079296K
  class space    used 4593K, capacity 4892K, committed 4992K, reserved 1048576K
Event: 5.429 GC heap after
Heap after GC invocations=7 (full 2):
 PSYoungGen      total 137728K, used 0K [0x00000000eab00000, 0x00000000faf80000, 0x0000000100000000)
  eden space 126976K, 0% used [0x00000000eab00000,0x00000000eab00000,0x00000000f2700000)
  from space 10752K, 0% used [0x00000000f2700000,0x00000000f2700000,0x00000000f3180000)
  to   space 15872K, 0% used [0x00000000fa000000,0x00000000fa000000,0x00000000faf80000)
 ParOldGen       total 104960K, used 20366K [0x00000000c0000000, 0x00000000c6680000, 0x00000000eab00000)
  object space 104960K, 19% used [0x00000000c0000000,0x00000000c13e3ba0,0x00000000c6680000)
 Metaspace       used 34379K, capacity 35160K, committed 35456K, reserved 1079296K
  class space    used 4577K, capacity 4846K, committed 4992K, reserved 1048576K
}

