# JRE version: OpenJDK Runtime Environment (8.0_152-b02) (build 1.8.0_152-release-1024-b02)
# Java VM: OpenJDK 64-Bit Server VM (25.152-b02 mixed mode windows-amd64 compressed oops)
Heap:
 PSYoungGen      total 240640K, used 240620K [0x00000000eab00000, 0x00000000fa780000, 0x0000000100000000)
  eden space 223744K, 100% used [0x00000000eab00000,0x00000000f8580000,0x00000000f8580000)
  from space 16896K, 99% used [0x00000000f9600000,0x00000000fa67b070,0x00000000fa680000)
  to   space 16896K, 0% used [0x00000000f8580000,0x00000000f8580000,0x00000000f9600000)
 ParOldGen       total 111616K, used 24980K [0x00000000c0000000, 0x00000000c6d00000, 0x00000000eab00000)
  object space 111616K, 22% used [0x00000000c0000000,0x00000000c1865288,0x00000000c6d00000)
 Metaspace       used 52089K, capacity 53772K, committed 54016K, reserved 1095680K
  class space    used 6906K, capacity 7321K, committed 7424K, reserved 1048576K
GC Heap History (10 events):
Event: 3.357 GC heap before
{Heap before GC invocations=6 (full 1):
 PSYoungGen      total 129024K, used 125957K [0x00000000eab00000, 0x00000000f3b80000, 0x0000000100000000)
  eden space 121856K, 97% used [0x00000000eab00000,0x00000000f1f127b8,0x00000000f2200000)
  from space 7168K, 99% used [0x00000000f3480000,0x00000000f3b6ed08,0x00000000f3b80000)
  to   space 10752K, 0% used [0x00000000f2680000,0x00000000f2680000,0x00000000f3100000)
 ParOldGen       total 82944K, used 8033K [0x00000000c0000000, 0x00000000c5100000, 0x00000000eab00000)
  object space 82944K, 9% used [0x00000000c0000000,0x00000000c07d8600,0x00000000c5100000)
 Metaspace       used 34368K, capacity 35242K, committed 35456K, reserved 1079296K
  class space    used 4631K, capacity 4895K, committed 4992K, reserved 1048576K
Event: 3.370 GC heap after
Heap after GC invocations=6 (full 1):
 PSYoungGen      total 137216K, used 10725K [0x00000000eab00000, 0x00000000fa680000, 0x0000000100000000)
  eden space 126464K, 0% used [0x00000000eab00000,0x00000000eab00000,0x00000000f2680000)
  from space 10752K, 99% used [0x00000000f2680000,0x00000000f30f9658,0x00000000f3100000)
  to   space 16896K, 0% used [0x00000000f9600000,0x00000000f9600000,0x00000000fa680000)
 ParOldGen       total 82944K, used 12251K [0x00000000c0000000, 0x00000000c5100000, 0x00000000eab00000)
  object space 82944K, 14% used [0x00000000c0000000,0x00000000c0bf6c58,0x00000000c5100000)
 Metaspace       used 34368K, capacity 35242K, committed 35456K, reserved 1079296K
  class space    used 4631K, capacity 4895K, committed 4992K, reserved 1048576K
}
Event: 3.370 GC heap before
{Heap before GC invocations=7 (full 2):
 PSYoungGen      total 137216K, used 10725K [0x00000000eab00000, 0x00000000fa680000, 0x0000000100000000)
  eden space 126464K, 0% used [0x00000000eab00000,0x00000000eab00000,0x00000000f2680000)
  from space 10752K, 99% used [0x00000000f2680000,0x00000000f30f9658,0x00000000f3100000)
  to   space 16896K, 0% used [0x00000000f9600000,0x00000000f9600000,0x00000000fa680000)
 ParOldGen       total 82944K, used 12251K [0x00000000c0000000, 0x00000000c5100000, 0x00000000eab00000)
  object space 82944K, 14% used [0x00000000c0000000,0x00000000c0bf6c58,0x00000000c5100000)
 Metaspace       used 34368K, capacity 35242K, committed 35456K, reserved 1079296K
  class space    used 4631K, capacity 4895K, committed 4992K, reserved 1048576K
Event: 3.417 GC heap after
Heap after GC invocations=7 (full 2):
 PSYoungGen      total 137216K, used 0K [0x00000000eab00000, 0x00000000fa680000, 0x0000000100000000)
  eden space 126464K, 0% used [0x00000000eab00000,0x00000000eab00000,0x00000000f2680000)
  from space 10752K, 0% used [0x00000000f2680000,0x00000000f2680000,0x00000000f3100000)
  to   space 16896K, 0% used [0x00000000f9600000,0x00000000f9600000,0x00000000fa680000)
 ParOldGen       total 111616K, used 21403K [0x00000000c0000000, 0x00000000c6d00000, 0x00000000eab00000)
  object space 111616K, 19% used [0x00000000c0000000,0x00000000c14e6e58,0x00000000c6d00000)
 Metaspace       used 34368K, capacity 35242K, committed 35456K, reserved 1079296K
  class space    used 4631K, capacity 4895K, committed 4992K, reserved 1048576K
}
Event: 4.333 GC heap before
{Heap before GC invocations=8 (full 2):
 PSYoungGen      total 137216K, used 126464K [0x00000000eab00000, 0x00000000fa680000, 0x0000000100000000)
  eden space 126464K, 100% used [0x00000000eab00000,0x00000000f2680000,0x00000000f2680000)
  from space 10752K, 0% used [0x00000000f2680000,0x00000000f2680000,0x00000000f3100000)
  to   space 16896K, 0% used [0x00000000f9600000,0x00000000f9600000,0x00000000fa680000)
 ParOldGen       total 111616K, used 21403K [0x00000000c0000000, 0x00000000c6d00000, 0x00000000eab00000)
  object space 111616K, 19% used [0x00000000c0000000,0x00000000c14e6e58,0x00000000c6d00000)
 Metaspace       used 43276K, capacity 44348K, committed 44544K, reserved 1087488K
  class space    used 5761K, capacity 6063K, committed 6144K, reserved 1048576K
Event: 4.341 GC heap after
Heap after GC invocations=8 (full 2):
 PSYoungGen      total 240640K, used 11734K [0x00000000eab00000, 0x00000000fa780000, 0x0000000100000000)
  eden space 223744K, 0% used [0x00000000eab00000,0x00000000eab00000,0x00000000f8580000)
  from space 16896K, 69% used [0x00000000f9600000,0x00000000fa175bd8,0x00000000fa680000)
  to   space 16896K, 0% used [0x00000000f8580000,0x00000000f8580000,0x00000000f9600000)
 ParOldGen       total 111616K, used 21411K [0x00000000c0000000, 0x00000000c6d00000, 0x00000000eab00000)
  object space 111616K, 19% used [0x00000000c0000000,0x00000000c14e8e58,0x00000000c6d00000)
 Metaspace       used 43276K, capacity 44348K, committed 44544K, reserved 1087488K
  class space    used 5761K, capacity 6063K, committed 6144K, reserved 1048576K
}
Event: 5.062 GC heap before
{Heap before GC invocations=9 (full 2):
 PSYoungGen      total 240640K, used 235478K [0x00000000eab00000, 0x00000000fa780000, 0x0000000100000000)
  eden space 223744K, 100% used [0x00000000eab00000,0x00000000f8580000,0x00000000f8580000)
  from space 16896K, 69% used [0x00000000f9600000,0x00000000fa175bd8,0x00000000fa680000)
  to   space 16896K, 0% used [0x00000000f8580000,0x00000000f8580000,0x00000000f9600000)
 ParOldGen       total 111616K, used 21411K [0x00000000c0000000, 0x00000000c6d00000, 0x00000000eab00000)
  object space 111616K, 19% used [0x00000000c0000000,0x00000000c14e8e58,0x00000000c6d00000)
 Metaspace       used 43865K, capacity 45064K, committed 45312K, reserved 1089536K
  class space    used 5790K, capacity 6101K, committed 6144K, reserved 1048576K
Event: 5.073 GC heap after
Heap after GC invocations=9 (full 2):
 PSYoungGen      total 240640K, used 16889K [0x00000000eab00000, 0x00000000fa780000, 0x0000000100000000)
  eden space 223744K, 0% used [0x00000000eab00000,0x00000000eab00000,0x00000000f8580000)
  from space 16896K, 99% used [0x00000000f8580000,0x00000000f95fe550,0x00000000f9600000)
  to   space 16896K, 0% used [0x00000000f9600000,0x00000000f9600000,0x00000000fa680000)
 ParOldGen       total 111616K, used 22755K [0x00000000c0000000, 0x00000000c6d00000, 0x00000000eab00000)
  object space 111616K, 20% used [0x00000000c0000000,0x00000000c1638ca8,0x00000000c6d00000)
 Metaspace       used 43865K, capacity 45064K, committed 45312K, reserved 1089536K
  class space    used 5790K, capacity 6101K, committed 6144K, reserved 1048576K
}
Event: 5.631 GC heap before
{Heap before GC invocations=10 (full 2):
 PSYoungGen      total 240640K, used 240617K [0x00000000eab00000, 0x00000000fa780000, 0x0000000100000000)
  eden space 223744K, 99% used [0x00000000eab00000,0x00000000f857bf18,0x00000000f8580000)
  from space 16896K, 99% used [0x00000000f8580000,0x00000000f95fe550,0x00000000f9600000)
  to   space 16896K, 0% used [0x00000000f9600000,0x00000000f9600000,0x00000000fa680000)
 ParOldGen       total 111616K, used 22755K [0x00000000c0000000, 0x00000000c6d00000, 0x00000000eab00000)
  object space 111616K, 20% used [0x00000000c0000000,0x00000000c1638ca8,0x00000000c6d00000)
 Metaspace       used 44244K, capacity 45406K, committed 45696K, reserved 1089536K
  class space    used 5817K, capacity 6146K, committed 6272K, reserved 1048576K
Event: 5.642 GC heap after
Heap after GC invocations=10 (full 2):
 PSYoungGen      total 240640K, used 16876K [0x00000000eab00000, 0x00000000fa780000, 0x0000000100000000)
  eden space 223744K, 0% used [0x00000000eab00000,0x00000000eab00000,0x00000000f8580000)
  from space 16896K, 99% used [0x00000000f9600000,0x00000000fa67b070,0x00000000fa680000)
  to   space 16896K, 0% used [0x00000000f8580000,0x00000000f8580000,0x00000000f9600000)
 ParOldGen       total 111616K, used 24980K [0x00000000c0000000, 0x00000000c6d00000, 0x00000000eab00000)
  object space 111616K, 22% used [0x00000000c0000000,0x00000000c1865288,0x00000000c6d00000)
 Metaspace       used 44244K, capacity 45406K, committed 45696K, reserved 1089536K
  class space    used 5817K, capacity 6146K, committed 6272K, reserved 1048576K
}

